<?xml version="1.0" encoding="UTF-8"?>
<testsuite xmlns:xsi="http://www.w3.org/2001/XMLSchema-instance" xsi:noNamespaceSchemaLocation="https://maven.apache.org/surefire/maven-surefire-plugin/xsd/surefire-test-report.xsd" name="hftstuttgart.CalculatorTest" time="0.003" tests="2" errors="0" skipped="0" failures="0">
  <properties>
    <property name="java.specification.version" value="14"/>
    <property name="sun.cpu.isalist" value="amd64"/>
    <property name="sun.jnu.encoding" value="Cp1252"/>
    <property name="java.class.path" value="C:\Users\Jessy\code\cc-exercises\uebung12\calc_starter_uebung\target\test-classes;C:\Users\Jessy\code\cc-exercises\uebung12\calc_starter_uebung\target\classes;C:\Users\Jessy\.m2\repository\com\sparkjava\spark-core\2.9.1\spark-core-2.9.1.jar;C:\Users\Jessy\.m2\repository\org\eclipse\jetty\jetty-server\9.4.18.v20190429\jetty-server-9.4.18.v20190429.jar;C:\Users\Jessy\.m2\repository\javax\servlet\javax.servlet-api\3.1.0\javax.servlet-api-3.1.0.jar;C:\Users\Jessy\.m2\repository\org\eclipse\jetty\jetty-http\9.4.18.v20190429\jetty-http-9.4.18.v20190429.jar;C:\Users\Jessy\.m2\repository\org\eclipse\jetty\jetty-util\9.4.18.v20190429\jetty-util-9.4.18.v20190429.jar;C:\Users\Jessy\.m2\repository\org\eclipse\jetty\jetty-io\9.4.18.v20190429\jetty-io-9.4.18.v20190429.jar;C:\Users\Jessy\.m2\repository\org\eclipse\jetty\jetty-webapp\9.4.18.v20190429\jetty-webapp-9.4.18.v20190429.jar;C:\Users\Jessy\.m2\repository\org\eclipse\jetty\jetty-xml\9.4.18.v20190429\jetty-xml-9.4.18.v20190429.jar;C:\Users\Jessy\.m2\repository\org\eclipse\jetty\jetty-servlet\9.4.18.v20190429\jetty-servlet-9.4.18.v20190429.jar;C:\Users\Jessy\.m2\repository\org\eclipse\jetty\jetty-security\9.4.18.v20190429\jetty-security-9.4.18.v20190429.jar;C:\Users\Jessy\.m2\repository\org\eclipse\jetty\websocket\websocket-server\9.4.18.v20190429\websocket-server-9.4.18.v20190429.jar;C:\Users\Jessy\.m2\repository\org\eclipse\jetty\websocket\websocket-common\9.4.18.v20190429\websocket-common-9.4.18.v20190429.jar;C:\Users\Jessy\.m2\repository\org\eclipse\jetty\websocket\websocket-client\9.4.18.v20190429\websocket-client-9.4.18.v20190429.jar;C:\Users\Jessy\.m2\repository\org\eclipse\jetty\jetty-client\9.4.18.v20190429\jetty-client-9.4.18.v20190429.jar;C:\Users\Jessy\.m2\repository\org\eclipse\jetty\websocket\websocket-servlet\9.4.18.v20190429\websocket-servlet-9.4.18.v20190429.jar;C:\Users\Jessy\.m2\repository\org\eclipse\jetty\websocket\websocket-api\9.4.18.v20190429\websocket-api-9.4.18.v20190429.jar;C:\Users\Jessy\.m2\repository\junit\junit\4.11\junit-4.11.jar;C:\Users\Jessy\.m2\repository\org\hamcrest\hamcrest-core\1.3\hamcrest-core-1.3.jar;C:\Users\Jessy\.m2\repository\org\slf4j\slf4j-api\1.7.5\slf4j-api-1.7.5.jar;C:\Users\Jessy\.m2\repository\org\slf4j\slf4j-log4j12\1.7.5\slf4j-log4j12-1.7.5.jar;C:\Users\Jessy\.m2\repository\log4j\log4j\1.2.17\log4j-1.2.17.jar;"/>
    <property name="java.vm.vendor" value="Oracle Corporation"/>
    <property name="sun.arch.data.model" value="64"/>
    <property name="user.variant" value=""/>
    <property name="java.vendor.url" value="https://java.oracle.com/"/>
    <property name="os.name" value="Windows 10"/>
    <property name="java.vm.specification.version" value="14"/>
    <property name="sun.java.launcher" value="SUN_STANDARD"/>
    <property name="user.country" value="DE"/>
    <property name="sun.boot.library.path" value="C:\Program Files\Java\jdk-14.0.1\bin"/>
    <property name="sun.java.command" value="C:\Users\Jessy\AppData\Local\Temp\surefire18141551627011260240\surefirebooter5515341230214541554.jar C:\Users\Jessy\AppData\Local\Temp\surefire18141551627011260240 2020-06-21T13-58-05_629-jvmRun1 surefire5464848095408635359tmp surefire_08576804404758416637tmp"/>
    <property name="jdk.debug" value="release"/>
    <property name="surefire.test.class.path" value="C:\Users\Jessy\code\cc-exercises\uebung12\calc_starter_uebung\target\test-classes;C:\Users\Jessy\code\cc-exercises\uebung12\calc_starter_uebung\target\classes;C:\Users\Jessy\.m2\repository\com\sparkjava\spark-core\2.9.1\spark-core-2.9.1.jar;C:\Users\Jessy\.m2\repository\org\eclipse\jetty\jetty-server\9.4.18.v20190429\jetty-server-9.4.18.v20190429.jar;C:\Users\Jessy\.m2\repository\javax\servlet\javax.servlet-api\3.1.0\javax.servlet-api-3.1.0.jar;C:\Users\Jessy\.m2\repository\org\eclipse\jetty\jetty-http\9.4.18.v20190429\jetty-http-9.4.18.v20190429.jar;C:\Users\Jessy\.m2\repository\org\eclipse\jetty\jetty-util\9.4.18.v20190429\jetty-util-9.4.18.v20190429.jar;C:\Users\Jessy\.m2\repository\org\eclipse\jetty\jetty-io\9.4.18.v20190429\jetty-io-9.4.18.v20190429.jar;C:\Users\Jessy\.m2\repository\org\eclipse\jetty\jetty-webapp\9.4.18.v20190429\jetty-webapp-9.4.18.v20190429.jar;C:\Users\Jessy\.m2\repository\org\eclipse\jetty\jetty-xml\9.4.18.v20190429\jetty-xml-9.4.18.v20190429.jar;C:\Users\Jessy\.m2\repository\org\eclipse\jetty\jetty-servlet\9.4.18.v20190429\jetty-servlet-9.4.18.v20190429.jar;C:\Users\Jessy\.m2\repository\org\eclipse\jetty\jetty-security\9.4.18.v20190429\jetty-security-9.4.18.v20190429.jar;C:\Users\Jessy\.m2\repository\org\eclipse\jetty\websocket\websocket-server\9.4.18.v20190429\websocket-server-9.4.18.v20190429.jar;C:\Users\Jessy\.m2\repository\org\eclipse\jetty\websocket\websocket-common\9.4.18.v20190429\websocket-common-9.4.18.v20190429.jar;C:\Users\Jessy\.m2\repository\org\eclipse\jetty\websocket\websocket-client\9.4.18.v20190429\websocket-client-9.4.18.v20190429.jar;C:\Users\Jessy\.m2\repository\org\eclipse\jetty\jetty-client\9.4.18.v20190429\jetty-client-9.4.18.v20190429.jar;C:\Users\Jessy\.m2\repository\org\eclipse\jetty\websocket\websocket-servlet\9.4.18.v20190429\websocket-servlet-9.4.18.v20190429.jar;C:\Users\Jessy\.m2\repository\org\eclipse\jetty\websocket\websocket-api\9.4.18.v20190429\websocket-api-9.4.18.v20190429.jar;C:\Users\Jessy\.m2\repository\junit\junit\4.11\junit-4.11.jar;C:\Users\Jessy\.m2\repository\org\hamcrest\hamcrest-core\1.3\hamcrest-core-1.3.jar;C:\Users\Jessy\.m2\repository\org\slf4j\slf4j-api\1.7.5\slf4j-api-1.7.5.jar;C:\Users\Jessy\.m2\repository\org\slf4j\slf4j-log4j12\1.7.5\slf4j-log4j12-1.7.5.jar;C:\Users\Jessy\.m2\repository\log4j\log4j\1.2.17\log4j-1.2.17.jar;"/>
    <property name="sun.cpu.endian" value="little"/>
    <property name="user.home" value="C:\Users\Jessy"/>
    <property name="user.language" value="de"/>
    <property name="java.specification.vendor" value="Oracle Corporation"/>
    <property name="java.version.date" value="2020-04-14"/>
    <property name="java.home" value="C:\Program Files\Java\jdk-14.0.1"/>
    <property name="file.separator" value="\"/>
    <property name="basedir" value="C:\Users\Jessy\code\cc-exercises\uebung12\calc_starter_uebung"/>
    <property name="java.vm.compressedOopsMode" value="32-bit"/>
    <property name="line.separator" value="&#10;"/>
    <property name="java.specification.name" value="Java Platform API Specification"/>
    <property name="java.vm.specification.vendor" value="Oracle Corporation"/>
    <property name="surefire.real.class.path" value="C:\Users\Jessy\AppData\Local\Temp\surefire18141551627011260240\surefirebooter5515341230214541554.jar"/>
    <property name="user.script" value=""/>
    <property name="sun.management.compiler" value="HotSpot 64-Bit Tiered Compilers"/>
    <property name="java.runtime.version" value="14.0.1+7"/>
    <property name="user.name" value="Jessy"/>
    <property name="path.separator" value=";"/>
    <property name="os.version" value="10.0"/>
    <property name="java.runtime.name" value="Java(TM) SE Runtime Environment"/>
    <property name="file.encoding" value="Cp1252"/>
    <property name="java.vm.name" value="Java HotSpot(TM) 64-Bit Server VM"/>
    <property name="localRepository" value="C:\Users\Jessy\.m2\repository"/>
    <property name="java.vendor.url.bug" value="https://bugreport.java.com/bugreport/"/>
    <property name="java.io.tmpdir" value="C:\Users\Jessy\AppData\Local\Temp\"/>
    <property name="java.version" value="14.0.1"/>
    <property name="user.dir" value="C:\Users\Jessy\code\cc-exercises\uebung12\calc_starter_uebung"/>
    <property name="os.arch" value="amd64"/>
    <property name="java.vm.specification.name" value="Java Virtual Machine Specification"/>
    <property name="sun.os.patch.level" value=""/>
    <property name="java.library.path" value="C:\Program Files\Java\jdk-14.0.1\bin;C:\WINDOWS\Sun\Java\bin;C:\WINDOWS\system32;C:\WINDOWS;C:\Program Files\Java\jdk-14.0.1\bin;C:\Program Files (x86)\Intel\Intel(R) Management Engine Components\iCLS\;C:\Program Files\Intel\Intel(R) Management Engine Components\iCLS\;C:\Windows\system32;C:\Windows;C:\Windows\System32\Wbem;C:\Windows\System32\WindowsPowerShell\v1.0\;C:\Program Files (x86)\Intel\Intel(R) Management Engine Components\DAL;C:\Program Files\Intel\Intel(R) Management Engine Components\DAL;C:\Program Files (x86)\Intel\Intel(R) Management Engine Components\IPT;C:\Program Files\Intel\Intel(R) Management Engine Components\IPT;C:\Program Files (x86)\NVIDIA Corporation\PhysX\Common;C:\WINDOWS\system32;C:\WINDOWS;C:\WINDOWS\System32\Wbem;C:\WINDOWS\System32\WindowsPowerShell\v1.0\;C:\WINDOWS\System32\OpenSSH\;C:\Program Files\nodejs\;C:\Program Files\Git\cmd;C:\Program Files\apache-maven-3.6.3\bin;C:\Program Files\Docker\Docker\resources\bin;C:\ProgramData\DockerDesktop\version-bin;C:\Users\Jessy\AppData\Local\Microsoft\WindowsApps;C:\Users\Jessy\AppData\Local\Programs\Microsoft VS Code\bin;C:\Users\Jessy\AppData\Roaming\npm;C:\Users\Jessy\AppData\Local\Google\Cloud SDK\google-cloud-sdk\bin;;."/>
    <property name="java.vm.info" value="mixed mode, sharing"/>
    <property name="java.vendor" value="Oracle Corporation"/>
    <property name="java.vm.version" value="14.0.1+7"/>
    <property name="sun.io.unicode.encoding" value="UnicodeLittle"/>
    <property name="java.class.version" value="58.0"/>
  </properties>
  <testcase name="sumNumbers" classname="hftstuttgart.CalculatorTest" time="0"/>
  <testcase name="prodNumbers" classname="hftstuttgart.CalculatorTest" time="0"/>
</testsuite>